<?xml version="1.0" encoding="UTF-8"?>
<beans xmlns="http://www.springframework.org/schema/beans"
       xmlns:xsi="http://www.w3.org/2001/XMLSchema-instance"
       xsi:schemaLocation="http://www.springframework.org/schema/beans http://www.springframework.org/schema/beans/spring-beans.xsd">

       <import resource="classpath:daos.xml"/>

       <bean id="taskExecutor" class="org.springframework.scheduling.concurrent.ThreadPoolTaskExecutor">
              <property name="corePoolSize" value="20" />
              <property name="maxPoolSize" value="40" />
              <property name="queueCapacity" value="100" />
       </bean>

       <bean id="accountService" class="cn.choujiangba.server.bal.service.AccountServiceImpl">
              <property name="accountDao" ref="accountDao"/>
              <property name="accountProfileDao" ref="accountProfileDao"/>
              <property name="deliveryAddressDao" ref="deliveryAddressDao"/>
              <property name="accountRegisterRecordDao" ref="accountRegisterRecordDao"/>
       </bean>

       <bean id="TokenService" class="cn.choujiangba.server.bal.service.TokenServiceImpl">
              <property name="accountAuthRecordDao" ref="accountAuthRecordDao"/>
              <property name="accountDao" ref="accountDao"/>
       </bean>
       <bean id="AdminService" class="cn.choujiangba.server.bal.service.AdminServiceImpl">
              <property name="adminAccountDao" ref="adminAccountDao"/>
       </bean>
       <bean id="FeedBackService" class="cn.choujiangba.server.bal.service.FeedBackServiceImpl">
              <property name="feedbackDao" ref="feedbackDao"/>
       </bean>

</beans>